#
# A fatal error has been detected by the Java Runtime Environment:
#
#  EXCEPTION_ACCESS_VIOLATION (0xc0000005) at pc=0x0000000072baba6b, pid=8844, tid=0x0000000000002dec
#
# JRE version: Java(TM) SE Runtime Environment (8.0_231-b11) (build 1.8.0_231-b11)
# Java VM: Java HotSpot(TM) 64-Bit Server VM (25.231-b11 mixed mode windows-amd64 compressed oops)
# Problematic frame:
# V  [jvm.dll+0x2dba6b]
#
# Failed to write core dump. Minidumps are not enabled by default on client versions of Windows
#
# If you would like to submit a bug report, please visit:
#   http://bugreport.java.com/bugreport/crash.jsp
#

---------------  T H R E A D  ---------------

Current thread (0x0000000029e89800):  JavaThread "http-nio-5710-exec-6" daemon [_thread_in_vm, id=11756, stack(0x000000003e6e0000,0x000000003e7e0000)]

siginfo: ExceptionCode=0xc0000005, reading address 0xffffffffffffffff

Registers:
RAX=0x0000000003bb5720, RBX=0x000000003e7d8100, RCX=0x000000003e7d8100, RDX=0x00000000038e2f30
RSP=0x000000003e7d7fd0, RBP=0x000000003e7d8100, RSI=0x019824848b4cd663, RDI=0x0000000005262690
R8 =0x480000019424b48b, R9 =0x019824848b4cd663, R10=0x000000076c7d50a0, R11=0x000000000000000c
R12=0x0000000000000000, R13=0x0000000029e7f3d0, R14=0x0000000000000000, R15=0x0000000029e833a0
RIP=0x0000000072baba6b, EFLAGS=0x0000000000010246

Top of Stack: (sp=0x000000003e7d7fd0)
0x000000003e7d7fd0:   00000000254e8830 0000000005262690
0x000000003e7d7fe0:   000000003e7d8100 0000000029e7f3d0
0x000000003e7d7ff0:   0000000000000000 0000000072941210
0x000000003e7d8000:   0000000004f4d990 0000000000000008
0x000000003e7d8010:   000000003e7d8100 0000000029e89800
0x000000003e7d8020:   0000000203010101 0000000005262690
0x000000003e7d8030:   0000000c00000400 0000000029e83788
0x000000003e7d8040:   00000000000003d8 0000000029e833b0
0x000000003e7d8050:   000000000535b674 019824848b4cd663
0x000000003e7d8060:   0000000000000000 0000000000000000
0x000000003e7d8070:   480000019424b48b 000000000535b674
0x000000003e7d8080:   0000000029e89800 00000000052630e8
0x000000003e7d8090:   00000000000000ee 0000000005262690
0x000000003e7d80a0:   0000000000000000 000000003e7d8790
0x000000003e7d80b0:   0000000029e278e8 000000076c7d4f98
0x000000003e7d80c0:   000000076c7d4fc0 000000076c7d5010 

Instructions: (pc=0x0000000072baba6b)
0x0000000072baba4b:   c3 48 83 79 10 00 74 11 48 8b d3 e8 75 fc ff ff
0x0000000072baba5b:   48 8b c3 48 83 c4 20 5b c3 4c 8b 41 20 48 8b cb
0x0000000072baba6b:   4d 8b 48 08 49 8d 50 10 4d 8b 00 e8 85 08 d4 ff
0x0000000072baba7b:   48 8b c3 48 83 c4 20 5b c3 cc cc cc cc cc cc cc 


Register to memory mapping:

RAX=0x0000000003bb5720 is an unknown value
RBX=0x000000003e7d8100 is pointing into the stack for thread: 0x0000000029e89800
RCX=0x000000003e7d8100 is pointing into the stack for thread: 0x0000000029e89800
RDX=0x00000000038e2f30 is an unknown value
RSP=0x000000003e7d7fd0 is pointing into the stack for thread: 0x0000000029e89800
RBP=0x000000003e7d8100 is pointing into the stack for thread: 0x0000000029e89800
RSI=0x019824848b4cd663 is an unknown value
RDI=0x0000000005262690 is at entry_point+-560 in (nmethod*)0x0000000005262690
R8 =0x480000019424b48b is an unknown value
R9 =0x019824848b4cd663 is an unknown value
R10=0x000000076c7d50a0 is an oop
[Ljava.lang.Object; 
 - klass: 'java/lang/Object'[]
 - length: 32
R11=0x000000000000000c is an unknown value
R12=0x0000000000000000 is an unknown value
R13=0x0000000029e7f3d0 is an unknown value
R14=0x0000000000000000 is an unknown value
R15=0x0000000029e833a0 is an unknown value


Stack: [0x000000003e6e0000,0x000000003e7e0000],  sp=0x000000003e7d7fd0,  free space=991k
Native frames: (J=compiled Java code, j=interpreted, Vv=VM code, C=native code)
V  [jvm.dll+0x2dba6b]
V  [jvm.dll+0x71210]
V  [jvm.dll+0x71524]
V  [jvm.dll+0x1876b9]
C  [java.dll+0x8072]
C  0x0000000003dbddfd

Java frames: (J=compiled Java code, j=interpreted, Vv=VM code)
J 747  java.lang.Throwable.fillInStackTrace(I)Ljava/lang/Throwable; (0 bytes) @ 0x0000000003dbdd7b [0x0000000003dbdd40+0x3b]
J 746 C1 java.lang.Throwable.fillInStackTrace()Ljava/lang/Throwable; (29 bytes) @ 0x0000000003dbe22c [0x0000000003dbe100+0x12c]
J 2433 C1 java.lang.Throwable.<init>(Ljava/lang/String;)V (34 bytes) @ 0x00000000040c63ac [0x00000000040c6300+0xac]
J 1486 C1 java.lang.RuntimeException.<init>(Ljava/lang/String;)V (6 bytes) @ 0x0000000003ee48ac [0x0000000003ee4860+0x4c]
j  java.lang.IllegalArgumentException.<init>(Ljava/lang/String;)V+2
j  java.nio.charset.IllegalCharsetNameException.<init>(Ljava/lang/String;)V+5
J 5129 C1 java.nio.charset.Charset.checkName(Ljava/lang/String;)V (165 bytes) @ 0x0000000004600874 [0x00000000046006c0+0x1b4]
J 11934 C1 java.nio.charset.Charset.lookup2(Ljava/lang/String;)Ljava/nio/charset/Charset; (78 bytes) @ 0x0000000005177d4c [0x0000000005177900+0x44c]
J 5468 C1 java.nio.charset.Charset.lookup(Ljava/lang/String;)Ljava/nio/charset/Charset; (44 bytes) @ 0x0000000004687d24 [0x0000000004687ca0+0x84]
J 802 C1 java.lang.StringCoding.decode(Ljava/lang/String;[BII)[C (120 bytes) @ 0x0000000003dd77d4 [0x0000000003dd7580+0x254]
J 801 C1 java.lang.String.<init>([BIILjava/lang/String;)V (38 bytes) @ 0x0000000003dd6fd4 [0x0000000003dd6f60+0x74]
j  com.mysql.jdbc.SingleByteCharsetConverter.<init>(Ljava/lang/String;)V+33
j  com.mysql.jdbc.SingleByteCharsetConverter.initCharset(Ljava/lang/String;)Lcom/mysql/jdbc/SingleByteCharsetConverter;+37
J 10590 C1 com.mysql.jdbc.ConnectionImpl.getCharsetConverter(Ljava/lang/String;)Lcom/mysql/jdbc/SingleByteCharsetConverter; (132 bytes) @ 0x0000000004f4debc [0x0000000004f4db80+0x33c]
J 12509 C1 com.mysql.jdbc.StringUtils.getBytes(Ljava/lang/String;Ljava/lang/String;Ljava/lang/String;IIZLcom/mysql/jdbc/MySQLConnection;Lcom/mysql/jdbc/ExceptionInterceptor;)[B (79 bytes) @ 0x0000000005262b2c [0x00000000052628c0+0x26c]
C  0x00000006deb9f1c0
C  0x019824848b4cd663

[error occurred during error reporting (printing Java stack), id 0xc0000005]


---------------  P R O C E S S  ---------------

Java Threads: ( => current thread )
  0x0000000043eda000 JavaThread "http-nio-5710-exec-15" daemon [_thread_blocked, id=14904, stack(0x000000004d530000,0x000000004d630000)]
  0x0000000043edd800 JavaThread "logback-3" daemon [_thread_blocked, id=14896, stack(0x000000004d430000,0x000000004d530000)]
  0x0000000043ede800 JavaThread "logback-2" daemon [_thread_blocked, id=14892, stack(0x000000004d330000,0x000000004d430000)]
  0x0000000043ed9000 JavaThread "logback-1" daemon [_thread_blocked, id=14876, stack(0x000000004d230000,0x000000004d330000)]
  0x0000000029e88000 JavaThread "NFLoadBalancer-PingTimer-localhost" daemon [_thread_blocked, id=7776, stack(0x000000004b830000,0x000000004b930000)]
  0x0000000029e86800 JavaThread "RibbonApacheHttpClientConfiguration.connectionManagerTimer" daemon [_thread_blocked, id=7792, stack(0x000000004b730000,0x000000004b830000)]
  0x0000000022c57000 JavaThread "http-nio-5710-exec-13" daemon [_thread_blocked, id=2400, stack(0x000000004b330000,0x000000004b430000)]
  0x0000000027283000 JavaThread "hystrix-roncoo-education-system-service-3" daemon [_thread_blocked, id=1428, stack(0x000000004af30000,0x000000004b030000)]
  0x0000000027282800 JavaThread "HystrixTimer-3" daemon [_thread_blocked, id=4796, stack(0x000000004ae30000,0x000000004af30000)]
  0x0000000029e8f800 JavaThread "hystrix-roncoo-education-system-service-2" daemon [_thread_blocked, id=1076, stack(0x000000004ac30000,0x000000004ad30000)]
  0x0000000029e8f000 JavaThread "HystrixTimer-2" daemon [_thread_blocked, id=9680, stack(0x000000004ab30000,0x000000004ac30000)]
  0x0000000022c5b800 JavaThread "AsyncResolver-bootstrap-executor-0" daemon [_thread_blocked, id=8500, stack(0x000000004a730000,0x000000004a830000)]
  0x0000000022c56000 JavaThread "elasticsearch[_client_][transport_client_boss][T#24]" daemon [_thread_in_native, id=3220, stack(0x000000004a630000,0x000000004a730000)]
  0x0000000029fad800 JavaThread "elasticsearch[_client_][transport_client_boss][T#23]" daemon [_thread_in_native, id=10152, stack(0x0000000049520000,0x0000000049620000)]
  0x0000000029fac800 JavaThread "elasticsearch[_client_][transport_client_boss][T#22]" daemon [_thread_in_native, id=8248, stack(0x0000000048410000,0x0000000048510000)]
  0x0000000029fac000 JavaThread "DiscoveryClient-CacheRefreshExecutor-0" daemon [_thread_blocked, id=4272, stack(0x0000000048310000,0x0000000048410000)]
  0x0000000029faa800 JavaThread "elasticsearch[_client_][transport_client_boss][T#21]" daemon [_thread_in_native, id=836, stack(0x0000000047200000,0x0000000047300000)]
  0x0000000029fb1000 JavaThread "elasticsearch[_client_][transport_client_boss][T#20]" daemon [_thread_in_native, id=8784, stack(0x00000000460f0000,0x00000000461f0000)]
  0x0000000029fb0800 JavaThread "DiscoveryClient-HeartbeatExecutor-0" daemon [_thread_blocked, id=8372, stack(0x0000000045ff0000,0x00000000460f0000)]
  0x0000000029faf800 JavaThread "PollingServerListUpdater-1" daemon [_thread_blocked, id=10044, stack(0x0000000045ef0000,0x0000000045ff0000)]
  0x0000000029fab000 JavaThread "elasticsearch[_client_][transport_client_boss][T#19]" daemon [_thread_in_native, id=252, stack(0x0000000044de0000,0x0000000044ee0000)]
  0x0000000029faf000 JavaThread "System Clock" daemon [_thread_blocked, id=10484, stack(0x0000000043d10000,0x0000000043e10000)]
  0x0000000029fae000 JavaThread "DataPublisher" daemon [_thread_blocked, id=8964, stack(0x0000000043b10000,0x0000000043c10000)]
  0x0000000029fa3000 JavaThread "PollingServerListUpdater-0" daemon [_thread_blocked, id=9028, stack(0x0000000043a10000,0x0000000043b10000)]
  0x0000000029fa9800 JavaThread "NFLoadBalancer-PingTimer-roncoo-education-system-service" daemon [_thread_blocked, id=9044, stack(0x0000000043910000,0x0000000043a10000)]
  0x0000000029fa9000 JavaThread "RibbonApacheHttpClientConfiguration.connectionManagerTimer" daemon [_thread_blocked, id=9012, stack(0x0000000043810000,0x0000000043910000)]
  0x0000000029fa8000 JavaThread "hystrix-roncoo-education-system-service-1" daemon [_thread_blocked, id=4208, stack(0x0000000043710000,0x0000000043810000)]
  0x0000000029fa6800 JavaThread "HystrixTimer-1" daemon [_thread_blocked, id=7544, stack(0x0000000043610000,0x0000000043710000)]
  0x0000000029fa4800 JavaThread "RxComputationScheduler-1" daemon [_thread_blocked, id=8944, stack(0x0000000043510000,0x0000000043610000)]
  0x0000000029fa3800 JavaThread "elasticsearch[_client_][transport_client_boss][T#18]" daemon [_thread_in_native, id=9396, stack(0x0000000042400000,0x0000000042500000)]
  0x0000000029fa6000 JavaThread "elasticsearch[_client_][transport_client_boss][T#17]" daemon [_thread_in_native, id=7612, stack(0x00000000412f0000,0x00000000413f0000)]
  0x0000000029fa5000 JavaThread "elastic-evictor-1" daemon [_thread_blocked, id=11188, stack(0x0000000040ff0000,0x00000000410f0000)]
  0x0000000029fa7800 JavaThread "SimplePauseDetectorThread_2" daemon [_thread_blocked, id=460, stack(0x0000000040ef0000,0x0000000040ff0000)]
  0x0000000029e92000 JavaThread "SimplePauseDetectorThread_1" daemon [_thread_blocked, id=4428, stack(0x0000000040df0000,0x0000000040ef0000)]
  0x0000000029e91000 JavaThread "SimplePauseDetectorThread_0" daemon [_thread_blocked, id=11164, stack(0x0000000040cf0000,0x0000000040df0000)]
  0x0000000029e90800 JavaThread "Thread-72" daemon [_thread_blocked, id=7236, stack(0x0000000040bf0000,0x0000000040cf0000)]
  0x0000000029e92800 JavaThread "lettuce-nioEventLoop-4-1" daemon [_thread_in_native, id=844, stack(0x000000003fae0000,0x000000003fbe0000)]
  0x0000000029e8e000 JavaThread "DestroyJavaVM" [_thread_blocked, id=1132, stack(0x00000000037b0000,0x00000000038b0000)]
  0x0000000029e8d800 JavaThread "http-nio-5710-AsyncTimeout" daemon [_thread_blocked, id=12092, stack(0x000000003eee0000,0x000000003efe0000)]
  0x0000000029e86000 JavaThread "http-nio-5710-Acceptor-0" daemon [_thread_in_native, id=12136, stack(0x000000003ede0000,0x000000003eee0000)]
  0x0000000029e8c800 JavaThread "http-nio-5710-ClientPoller-1" daemon [_thread_in_native, id=3176, stack(0x000000003ece0000,0x000000003ede0000)]
  0x0000000029e8c000 JavaThread "http-nio-5710-ClientPoller-0" daemon [_thread_in_native, id=2952, stack(0x000000003ebe0000,0x000000003ece0000)]
  0x0000000029e87800 JavaThread "http-nio-5710-exec-10" daemon [_thread_blocked, id=10356, stack(0x000000003eae0000,0x000000003ebe0000)]
  0x0000000029e84000 JavaThread "http-nio-5710-exec-9" daemon [_thread_blocked, id=1784, stack(0x000000003e9e0000,0x000000003eae0000)]
=>0x0000000029e89800 JavaThread "http-nio-5710-exec-6" daemon [_thread_in_vm, id=11756, stack(0x000000003e6e0000,0x000000003e7e0000)]
  0x0000000029e89000 JavaThread "http-nio-5710-exec-5" daemon [_thread_blocked, id=9100, stack(0x000000003e5e0000,0x000000003e6e0000)]
  0x0000000029e8b000 JavaThread "http-nio-5710-exec-4" daemon [_thread_blocked, id=10748, stack(0x000000003e4e0000,0x000000003e5e0000)]
  0x0000000029e8a800 JavaThread "http-nio-5710-exec-3" daemon [_thread_blocked, id=6896, stack(0x000000003e3e0000,0x000000003e4e0000)]
  0x0000000022c57800 JavaThread "http-nio-5710-exec-2" daemon [_thread_blocked, id=4480, stack(0x000000003e2e0000,0x000000003e3e0000)]
  0x0000000022c55800 JavaThread "http-nio-5710-exec-1" daemon [_thread_blocked, id=812, stack(0x000000003e1e0000,0x000000003e2e0000)]
  0x000000002728a000 JavaThread "NioBlockingSelector.BlockPoller-1" daemon [_thread_in_native, id=9228, stack(0x000000003e0e0000,0x000000003e1e0000)]
  0x0000000027289000 JavaThread "DiscoveryClient-InstanceInfoReplicator-0" daemon [_thread_blocked, id=11900, stack(0x000000003dde0000,0x000000003dee0000)]
  0x0000000027288800 JavaThread "DiscoveryClient-1" daemon [_thread_blocked, id=7932, stack(0x000000003dce0000,0x000000003dde0000)]
  0x0000000027287800 JavaThread "DiscoveryClient-0" daemon [_thread_blocked, id=9600, stack(0x000000003dbe0000,0x000000003dce0000)]
  0x0000000027287000 JavaThread "AsyncResolver-bootstrap-0" daemon [_thread_blocked, id=4268, stack(0x000000003dae0000,0x000000003dbe0000)]
  0x0000000027286000 JavaThread "Eureka-JerseyClient-Conn-Cleaner2" daemon [_thread_blocked, id=4872, stack(0x000000003d9e0000,0x000000003dae0000)]
  0x0000000027285800 JavaThread "elasticsearch[_client_][transport_client_boss][T#16]" daemon [_thread_in_native, id=11364, stack(0x000000003c8d0000,0x000000003c9d0000)]
  0x000000002727e000 JavaThread "File Watcher" daemon [_thread_blocked, id=6252, stack(0x000000003c5d0000,0x000000003c6d0000)]
  0x000000002727d000 JavaThread "pollingConfigurationSource" daemon [_thread_blocked, id=3992, stack(0x000000003bfd0000,0x000000003c0d0000)]
  0x0000000027284000 JavaThread "elasticsearch[_client_][transport_client_boss][T#15]" daemon [_thread_in_native, id=8260, stack(0x000000002fb10000,0x000000002fc10000)]
  0x000000002727f800 JavaThread "elasticsearch[_client_][generic][T#4]" daemon [_thread_blocked, id=8284, stack(0x000000002fa10000,0x000000002fb10000)]
  0x000000002727b800 JavaThread "container-0" [_thread_blocked, id=9036, stack(0x000000002f010000,0x000000002f110000)]
  0x0000000027280000 JavaThread "ContainerBackgroundProcessor[StandardEngine[Tomcat]]" daemon [_thread_blocked, id=1888, stack(0x000000002ef10000,0x000000002f010000)]
  0x000000002727b000 JavaThread "RxIoScheduler-1 (Evictor)" daemon [_thread_blocked, id=8532, stack(0x000000002ee10000,0x000000002ef10000)]
  0x0000000027281800 JavaThread "lettuce-eventExecutorLoop-2-1" daemon [_thread_blocked, id=8820, stack(0x000000002eb10000,0x000000002ec10000)]
  0x000000002727c800 JavaThread "elasticsearch[_client_][generic][T#3]" daemon [_thread_blocked, id=2728, stack(0x000000002e710000,0x000000002e810000)]
  0x0000000027281000 JavaThread "elasticsearch[_client_][generic][T#2]" daemon [_thread_blocked, id=10864, stack(0x000000002d600000,0x000000002d700000)]
  0x00000000273dd000 JavaThread "elasticsearch[_client_][transport_client_boss][T#14]" daemon [_thread_in_native, id=11688, stack(0x000000002c4f0000,0x000000002c5f0000)]
  0x00000000273dc000 JavaThread "elasticsearch[_client_][transport_client_boss][T#13]" daemon [_thread_in_native, id=11680, stack(0x000000002c3f0000,0x000000002c4f0000)]
  0x00000000273d9000 JavaThread "elasticsearch[_client_][transport_client_boss][T#12]" daemon [_thread_in_native, id=1440, stack(0x000000002c2f0000,0x000000002c3f0000)]
  0x00000000273da800 JavaThread "elasticsearch[_client_][transport_client_boss][T#11]" daemon [_thread_in_native, id=4136, stack(0x000000002c1f0000,0x000000002c2f0000)]
  0x00000000273db800 JavaThread "elasticsearch[_client_][transport_client_boss][T#10]" daemon [_thread_in_native, id=5868, stack(0x000000002c0f0000,0x000000002c1f0000)]
  0x00000000273dd800 JavaThread "elasticsearch[_client_][transport_client_boss][T#9]" daemon [_thread_in_native, id=7216, stack(0x000000002bff0000,0x000000002c0f0000)]
  0x00000000273da000 JavaThread "elasticsearch[_client_][transport_client_boss][T#8]" daemon [_thread_in_native, id=11580, stack(0x000000002bef0000,0x000000002bff0000)]
  0x00000000273d1800 JavaThread "elasticsearch[_client_][transport_client_boss][T#7]" daemon [_thread_in_native, id=9064, stack(0x000000002bdf0000,0x000000002bef0000)]
  0x00000000273d8800 JavaThread "elasticsearch[_client_][transport_client_boss][T#6]" daemon [_thread_in_native, id=7968, stack(0x000000002bcf0000,0x000000002bdf0000)]
  0x00000000273d7800 JavaThread "elasticsearch[_client_][transport_client_boss][T#5]" daemon [_thread_in_native, id=9204, stack(0x000000002bbf0000,0x000000002bcf0000)]
  0x00000000273d0000 JavaThread "elasticsearch[_client_][transport_client_boss][T#4]" daemon [_thread_in_native, id=7600, stack(0x000000002baf0000,0x000000002bbf0000)]
  0x00000000273d7000 JavaThread "elasticsearch[_client_][transport_client_boss][T#3]" daemon [_thread_in_native, id=8188, stack(0x000000002b9f0000,0x000000002baf0000)]
  0x00000000273d3000 JavaThread "elasticsearch[_client_][transport_client_boss][T#2]" daemon [_thread_in_native, id=7060, stack(0x000000002b8f0000,0x000000002b9f0000)]
  0x00000000273cf800 JavaThread "elasticsearch[_client_][generic][T#1]" daemon [_thread_blocked, id=6512, stack(0x000000002b7f0000,0x000000002b8f0000)]
  0x00000000273d4800 JavaThread "elasticsearch[_client_][transport_client_boss][T#1]" daemon [_thread_in_native, id=8564, stack(0x000000002a6e0000,0x000000002a7e0000)]
  0x00000000273d6000 JavaThread "elasticsearch[_client_][scheduler][T#1]" daemon [_thread_blocked, id=5956, stack(0x000000002a3e0000,0x000000002a4e0000)]
  0x00000000273ce800 JavaThread "elasticsearch[_client_][[timer]]" daemon [_thread_blocked, id=10384, stack(0x0000000028c10000,0x0000000028d10000)]
  0x00000000273d2800 JavaThread "Druid-ConnectionPool-Destroy-473438909" daemon [_thread_blocked, id=2384, stack(0x0000000028910000,0x0000000028a10000)]
  0x00000000273d4000 JavaThread "Druid-ConnectionPool-Create-473438909" daemon [_thread_blocked, id=10960, stack(0x0000000028810000,0x0000000028910000)]
  0x00000000273d1000 JavaThread "Abandoned connection cleanup thread" daemon [_thread_blocked, id=4300, stack(0x0000000028510000,0x0000000028610000)]
  0x00000000273d5800 JavaThread "AsyncReporter{org.springframework.cloud.sleuth.zipkin2.sender.RestTemplateSender@48a26dae}" daemon [_thread_blocked, id=12232, stack(0x0000000028310000,0x0000000028410000)]
  0x0000000022c59000 JavaThread "SimplePauseDetectorThread_0" daemon [_thread_blocked, id=1972, stack(0x0000000028110000,0x0000000028210000)]
  0x0000000022c58800 JavaThread "Thread-32" daemon [_thread_blocked, id=2620, stack(0x0000000028010000,0x0000000028110000)]
  0x0000000021a59800 JavaThread "spring.cloud.inetutils" daemon [_thread_blocked, id=2428, stack(0x0000000024c40000,0x0000000024d40000)]
  0x0000000022a1f000 JavaThread "RMI Scheduler(0)" daemon [_thread_blocked, id=10392, stack(0x0000000024040000,0x0000000024140000)]
  0x00000000214f2000 JavaThread "RMI TCP Accept-0" daemon [_thread_in_native, id=9340, stack(0x0000000022570000,0x0000000022670000)]
  0x00000000211cf000 JavaThread "Service Thread" daemon [_thread_blocked, id=9836, stack(0x0000000022470000,0x0000000022570000)]
  0x00000000211ce000 JavaThread "C1 CompilerThread3" daemon [_thread_blocked, id=11140, stack(0x0000000022370000,0x0000000022470000)]
  0x00000000211bf800 JavaThread "C2 CompilerThread2" daemon [_thread_blocked, id=9612, stack(0x0000000022270000,0x0000000022370000)]
  0x00000000211be800 JavaThread "C2 CompilerThread1" daemon [_thread_blocked, id=11400, stack(0x0000000022170000,0x0000000022270000)]
  0x00000000211be000 JavaThread "C2 CompilerThread0" daemon [_thread_blocked, id=10996, stack(0x0000000022070000,0x0000000022170000)]
  0x000000001ef76000 JavaThread "JDWP Event Helper Thread" daemon [_thread_blocked, id=9720, stack(0x00000000206a0000,0x00000000207a0000)]
  0x000000001ef54800 JavaThread "Attach Listener" daemon [_thread_blocked, id=8208, stack(0x00000000204a0000,0x00000000205a0000)]
  0x000000001ef54000 JavaThread "Signal Dispatcher" daemon [_thread_blocked, id=6104, stack(0x00000000203a0000,0x00000000204a0000)]
  0x000000001eed4000 JavaThread "Finalizer" daemon [_thread_blocked, id=7672, stack(0x0000000020240000,0x0000000020340000)]
  0x000000001eed3000 JavaThread "Reference Handler" daemon [_thread_blocked, id=3844, stack(0x0000000020140000,0x0000000020240000)]

Other Threads:
  0x000000001eeb2800 VMThread [stack: 0x000000001ff40000,0x0000000020040000] [id=11728]
  0x00000000214ff000 WatcherThread [stack: 0x0000000022670000,0x0000000022770000] [id=7012]

VM state:not at safepoint (normal execution)

VM Mutex/Monitor currently owned by a thread: None

heap address: 0x00000006c0e00000, size: 4082 MB, Compressed Oops mode: Zero based, Oop shift amount: 3
Narrow klass base: 0x0000000000000000, Narrow klass shift: 3
Compressed class space size: 1073741824 Address: 0x00000007c0000000

Heap:
 PSYoungGen      total 151040K, used 26509K [0x000000076af80000, 0x0000000775200000, 0x00000007c0000000)
  eden space 148992K, 16% used [0x000000076af80000,0x000000076c7d56c0,0x0000000774100000)
  from space 2048K, 77% used [0x0000000774400000,0x000000077458e080,0x0000000774600000)
  to   space 8704K, 0% used [0x0000000774980000,0x0000000774980000,0x0000000775200000)
 ParOldGen       total 720384K, used 490106K [0x00000006c0e00000, 0x00000006ecd80000, 0x000000076af80000)
  object space 720384K, 68% used [0x00000006c0e00000,0x00000006dec9ebb0,0x00000006ecd80000)
 Metaspace       used 95317K, capacity 100154K, committed 100352K, reserved 1136640K
  class space    used 12654K, capacity 13724K, committed 13824K, reserved 1048576K

Card table byte_map: [0x0000000012f30000,0x0000000013730000] byte_map_base: 0x000000000f929000

Marking Bits: (ParMarkBitMap*) 0x00000000730f6d90
 Begin Bits: [0x0000000014690000, 0x0000000018658000)
 End Bits:   [0x0000000018658000, 0x000000001c620000)

Polling page: 0x00000000013e0000

CodeCache: size=245760Kb used=32057Kb max_used=32057Kb free=213702Kb
 bounds [0x0000000003b70000, 0x0000000005ad0000, 0x0000000012b70000]
 total_blobs=16969 nmethods=16239 adapters=650
 compilation: enabled

Compilation events (10 events):
Event: 60296.453 Thread 0x00000000211ce000 16471       1       org.apache.http.impl.conn.tsccm.ThreadSafeClientConnManager::requestConnection (21 bytes)
Event: 60296.453 Thread 0x00000000211ce000 nmethod 16471 0x0000000005abeed0 code [0x0000000005abf040, 0x0000000005abf248]
Event: 60296.453 Thread 0x00000000211ce000 16472       1       com.netflix.discovery.shared.NamedConnectionPool::requestPoolEntry (16 bytes)
Event: 60296.453 Thread 0x00000000211ce000 nmethod 16472 0x0000000005abf310 code [0x0000000005abf480, 0x0000000005abf708]
Event: 60296.453 Thread 0x00000000211ce000 16473       1       org.apache.http.impl.conn.tsccm.ConnPoolByRoute::requestPoolEntry (20 bytes)
Event: 60296.454 Thread 0x00000000211ce000 nmethod 16473 0x0000000005abf810 code [0x0000000005abf960, 0x0000000005abfb70]
Event: 60296.454 Thread 0x00000000211ce000 16474       1       org.apache.http.impl.conn.tsccm.WaitingThreadAborter::<init> (5 bytes)
Event: 60296.454 Thread 0x00000000211ce000 nmethod 16474 0x0000000005abfc50 code [0x0000000005abfda0, 0x0000000005abfeb0]
Event: 60377.442 Thread 0x00000000211ce000 16475       1       com.mysql.jdbc.ResultSetImpl::checkForLongTruncation (107 bytes)
Event: 60377.446 Thread 0x00000000211ce000 nmethod 16475 0x0000000005abff10 code [0x0000000005ac0200, 0x0000000005ac0d38]

GC Heap History (10 events):
Event: 60112.367 GC heap before
{Heap before GC invocations=79 (full 4):
 PSYoungGen      total 172032K, used 165981K [0x000000076af80000, 0x0000000776800000, 0x00000007c0000000)
  eden space 164352K, 100% used [0x000000076af80000,0x0000000775000000,0x0000000775000000)
  from space 7680K, 21% used [0x0000000776080000,0x0000000776217470,0x0000000776800000)
  to   space 12288K, 0% used [0x0000000775000000,0x0000000775000000,0x0000000775c00000)
 ParOldGen       total 720384K, used 489866K [0x00000006c0e00000, 0x00000006ecd80000, 0x000000076af80000)
  object space 720384K, 68% used [0x00000006c0e00000,0x00000006dec62bb0,0x00000006ecd80000)
 Metaspace       used 95313K, capacity 100154K, committed 100352K, reserved 1136640K
  class space    used 12653K, capacity 13724K, committed 13824K, reserved 1048576K
Event: 60112.376 GC heap after
Heap after GC invocations=79 (full 4):
 PSYoungGen      total 162816K, used 1144K [0x000000076af80000, 0x0000000776400000, 0x00000007c0000000)
  eden space 161280K, 0% used [0x000000076af80000,0x000000076af80000,0x0000000774d00000)
  from space 1536K, 74% used [0x0000000775000000,0x000000077511e080,0x0000000775180000)
  to   space 11776K, 0% used [0x0000000775880000,0x0000000775880000,0x0000000776400000)
 ParOldGen       total 720384K, used 489906K [0x00000006c0e00000, 0x00000006ecd80000, 0x000000076af80000)
  object space 720384K, 68% used [0x00000006c0e00000,0x00000006dec6cbb0,0x00000006ecd80000)
 Metaspace       used 95313K, capacity 100154K, committed 100352K, reserved 1136640K
  class space    used 12653K, capacity 13724K, committed 13824K, reserved 1048576K
}
Event: 60185.330 GC heap before
{Heap before GC invocations=80 (full 4):
 PSYoungGen      total 162816K, used 162424K [0x000000076af80000, 0x0000000776400000, 0x00000007c0000000)
  eden space 161280K, 100% used [0x000000076af80000,0x0000000774d00000,0x0000000774d00000)
  from space 1536K, 74% used [0x0000000775000000,0x000000077511e080,0x0000000775180000)
  to   space 11776K, 0% used [0x0000000775880000,0x0000000775880000,0x0000000776400000)
 ParOldGen       total 720384K, used 489906K [0x00000006c0e00000, 0x00000006ecd80000, 0x000000076af80000)
  object space 720384K, 68% used [0x00000006c0e00000,0x00000006dec6cbb0,0x00000006ecd80000)
 Metaspace       used 95313K, capacity 100154K, committed 100352K, reserved 1136640K
  class space    used 12653K, capacity 13724K, committed 13824K, reserved 1048576K
Event: 60185.337 GC heap after
Heap after GC invocations=80 (full 4):
 PSYoungGen      total 164864K, used 1336K [0x000000076af80000, 0x0000000775f00000, 0x00000007c0000000)
  eden space 158208K, 0% used [0x000000076af80000,0x000000076af80000,0x0000000774a00000)
  from space 6656K, 20% used [0x0000000775880000,0x00000007759ce080,0x0000000775f00000)
  to   space 10752K, 0% used [0x0000000774a00000,0x0000000774a00000,0x0000000775480000)
 ParOldGen       total 720384K, used 489954K [0x00000006c0e00000, 0x00000006ecd80000, 0x000000076af80000)
  object space 720384K, 68% used [0x00000006c0e00000,0x00000006dec78bb0,0x00000006ecd80000)
 Metaspace       used 95313K, capacity 100154K, committed 100352K, reserved 1136640K
  class space    used 12653K, capacity 13724K, committed 13824K, reserved 1048576K
}
Event: 60258.993 GC heap before
{Heap before GC invocations=81 (full 4):
 PSYoungGen      total 164864K, used 159544K [0x000000076af80000, 0x0000000775f00000, 0x00000007c0000000)
  eden space 158208K, 100% used [0x000000076af80000,0x0000000774a00000,0x0000000774a00000)
  from space 6656K, 20% used [0x0000000775880000,0x00000007759ce080,0x0000000775f00000)
  to   space 10752K, 0% used [0x0000000774a00000,0x0000000774a00000,0x0000000775480000)
 ParOldGen       total 720384K, used 489954K [0x00000006c0e00000, 0x00000006ecd80000, 0x000000076af80000)
  object space 720384K, 68% used [0x00000006c0e00000,0x00000006dec78bb0,0x00000006ecd80000)
 Metaspace       used 95313K, capacity 100154K, committed 100352K, reserved 1136640K
  class space    used 12653K, capacity 13724K, committed 13824K, reserved 1048576K
Event: 60258.998 GC heap after
Heap after GC invocations=81 (full 4):
 PSYoungGen      total 156672K, used 1336K [0x000000076af80000, 0x0000000775b00000, 0x00000007c0000000)
  eden space 155136K, 0% used [0x000000076af80000,0x000000076af80000,0x0000000774700000)
  from space 1536K, 86% used [0x0000000774a00000,0x0000000774b4e080,0x0000000774b80000)
  to   space 10240K, 0% used [0x0000000775100000,0x0000000775100000,0x0000000775b00000)
 ParOldGen       total 720384K, used 490018K [0x00000006c0e00000, 0x00000006ecd80000, 0x000000076af80000)
  object space 720384K, 68% used [0x00000006c0e00000,0x00000006dec88bb0,0x00000006ecd80000)
 Metaspace       used 95313K, capacity 100154K, committed 100352K, reserved 1136640K
  class space    used 12653K, capacity 13724K, committed 13824K, reserved 1048576K
}
Event: 60331.028 GC heap before
{Heap before GC invocations=82 (full 4):
 PSYoungGen      total 156672K, used 156472K [0x000000076af80000, 0x0000000775b00000, 0x00000007c0000000)
  eden space 155136K, 100% used [0x000000076af80000,0x0000000774700000,0x0000000774700000)
  from space 1536K, 86% used [0x0000000774a00000,0x0000000774b4e080,0x0000000774b80000)
  to   space 10240K, 0% used [0x0000000775100000,0x0000000775100000,0x0000000775b00000)
 ParOldGen       total 720384K, used 490018K [0x00000006c0e00000, 0x00000006ecd80000, 0x000000076af80000)
  object space 720384K, 68% used [0x00000006c0e00000,0x00000006dec88bb0,0x00000006ecd80000)
 Metaspace       used 95313K, capacity 100154K, committed 100352K, reserved 1136640K
  class space    used 12653K, capacity 13724K, committed 13824K, reserved 1048576K
Event: 60331.036 GC heap after
Heap after GC invocations=82 (full 4):
 PSYoungGen      total 158208K, used 1496K [0x000000076af80000, 0x0000000775700000, 0x00000007c0000000)
  eden space 152064K, 0% used [0x000000076af80000,0x000000076af80000,0x0000000774400000)
  from space 6144K, 24% used [0x0000000775100000,0x0000000775276080,0x0000000775700000)
  to   space 9728K, 0% used [0x0000000774400000,0x0000000774400000,0x0000000774d80000)
 ParOldGen       total 720384K, used 490058K [0x00000006c0e00000, 0x00000006ecd80000, 0x000000076af80000)
  object space 720384K, 68% used [0x00000006c0e00000,0x00000006dec92bb0,0x00000006ecd80000)
 Metaspace       used 95313K, capacity 100154K, committed 100352K, reserved 1136640K
  class space    used 12653K, capacity 13724K, committed 13824K, reserved 1048576K
}
Event: 60401.302 GC heap before
{Heap before GC invocations=83 (full 4):
 PSYoungGen      total 158208K, used 153560K [0x000000076af80000, 0x0000000775700000, 0x00000007c0000000)
  eden space 152064K, 100% used [0x000000076af80000,0x0000000774400000,0x0000000774400000)
  from space 6144K, 24% used [0x0000000775100000,0x0000000775276080,0x0000000775700000)
  to   space 9728K, 0% used [0x0000000774400000,0x0000000774400000,0x0000000774d80000)
 ParOldGen       total 720384K, used 490058K [0x00000006c0e00000, 0x00000006ecd80000, 0x000000076af80000)
  object space 720384K, 68% used [0x00000006c0e00000,0x00000006dec92bb0,0x00000006ecd80000)
 Metaspace       used 95313K, capacity 100154K, committed 100352K, reserved 1136640K
  class space    used 12653K, capacity 13724K, committed 13824K, reserved 1048576K
Event: 60401.309 GC heap after
Heap after GC invocations=83 (full 4):
 PSYoungGen      total 151040K, used 1592K [0x000000076af80000, 0x0000000775200000, 0x00000007c0000000)
  eden space 148992K, 0% used [0x000000076af80000,0x000000076af80000,0x0000000774100000)
  from space 2048K, 77% used [0x0000000774400000,0x000000077458e080,0x0000000774600000)
  to   space 8704K, 0% used [0x0000000774980000,0x0000000774980000,0x0000000775200000)
 ParOldGen       total 720384K, used 490106K [0x00000006c0e00000, 0x00000006ecd80000, 0x000000076af80000)
  object space 720384K, 68% used [0x00000006c0e00000,0x00000006dec9ebb0,0x00000006ecd80000)
 Metaspace       used 95313K, capacity 100154K, committed 100352K, reserved 1136640K
  class space    used 12653K, capacity 13724K, committed 13824K, reserved 1048576K
}

Deoptimization events (0 events):
No events

Classes redefined (0 events):
No events

Internal exceptions (10 events):
Event: 60386.446 Thread 0x0000000029fb0800 Exception <a 'java/net/SocketTimeoutException': Read timed out> (0x0000000772592548) thrown at [C:\re\workspace\8-2-build-windows-amd64-cygwin\jdk8u231\13620\hotspot\src\share\vm\prims\jni.cpp, line 736]
Event: 60397.441 Thread 0x0000000022c57000 Exception <a 'java/io/IOException'> (0x0000000773d60fe8) thrown at [C:\re\workspace\8-2-build-windows-amd64-cygwin\jdk8u231\13620\hotspot\src\share\vm\prims\jni.cpp, line 710]
Event: 60401.449 Thread 0x0000000029fb0800 Exception <a 'java/net/SocketTimeoutException': Read timed out> (0x000000076b26e520) thrown at [C:\re\workspace\8-2-build-windows-amd64-cygwin\jdk8u231\13620\hotspot\src\share\vm\prims\jni.cpp, line 736]
Event: 60412.705 Thread 0x0000000029e89800 Exception <a 'java/io/IOException'> (0x000000076c732568) thrown at [C:\re\workspace\8-2-build-windows-amd64-cygwin\jdk8u231\13620\hotspot\src\share\vm\prims\jni.cpp, line 710]
Event: 60412.706 Thread 0x0000000029e89800 Exception <a 'java/io/IOException'> (0x000000076c73f778) thrown at [C:\re\workspace\8-2-build-windows-amd64-cygwin\jdk8u231\13620\hotspot\src\share\vm\prims\jni.cpp, line 710]
Event: 60412.707 Thread 0x0000000029e89800 Exception <a 'java/io/IOException'> (0x000000076c74af68) thrown at [C:\re\workspace\8-2-build-windows-amd64-cygwin\jdk8u231\13620\hotspot\src\share\vm\prims\jni.cpp, line 710]
Event: 60412.708 Thread 0x0000000029e89800 Exception <a 'java/io/IOException'> (0x000000076c766138) thrown at [C:\re\workspace\8-2-build-windows-amd64-cygwin\jdk8u231\13620\hotspot\src\share\vm\prims\jni.cpp, line 710]
Event: 60412.709 Thread 0x0000000029e89800 Exception <a 'java/io/IOException'> (0x000000076c775990) thrown at [C:\re\workspace\8-2-build-windows-amd64-cygwin\jdk8u231\13620\hotspot\src\share\vm\prims\jni.cpp, line 710]
Event: 60412.710 Thread 0x0000000029e89800 Exception <a 'java/io/IOException'> (0x000000076c783e28) thrown at [C:\re\workspace\8-2-build-windows-amd64-cygwin\jdk8u231\13620\hotspot\src\share\vm\prims\jni.cpp, line 710]
Event: 60412.711 Thread 0x0000000029e89800 Exception <a 'java/io/IOException'> (0x000000076c799f58) thrown at [C:\re\workspace\8-2-build-windows-amd64-cygwin\jdk8u231\13620\hotspot\src\share\vm\prims\jni.cpp, line 710]

Events (10 events):
Event: 60412.711 Thread 0x0000000029e89800 DEOPT PACKING pc=0x00000000046b49c4 sp=0x000000003e7d97f0
Event: 60412.711 Thread 0x0000000029e89800 DEOPT UNPACKING pc=0x0000000003bb7490 sp=0x000000003e7d9520 mode 1
Event: 60412.711 Thread 0x0000000029e89800 DEOPT PACKING pc=0x000000000411a0fc sp=0x000000003e7d9850
Event: 60412.711 Thread 0x0000000029e89800 DEOPT UNPACKING pc=0x0000000003bb7490 sp=0x000000003e7d95b0 mode 1
Event: 60412.711 Thread 0x0000000029e89800 DEOPT PACKING pc=0x0000000004a87004 sp=0x000000003e7d98f0
Event: 60412.711 Thread 0x0000000029e89800 DEOPT UNPACKING pc=0x0000000003bb7490 sp=0x000000003e7d9640 mode 1
Event: 60412.712 loading class java/nio/charset/Charset$2
Event: 60412.713 loading class java/nio/charset/Charset$2 done
Event: 60412.726 loading class java/nio/charset/IllegalCharsetNameException
Event: 60412.727 loading class java/nio/charset/IllegalCharsetNameException done


Dynamic libraries:
0x00007ff7a7060000 - 0x00007ff7a7097000 	D:\Java\jdk-1.8\bin\java.exe
0x00007ff913d40000 - 0x00007ff913f12000 	C:\Windows\SYSTEM32\ntdll.dll
0x00007ff911830000 - 0x00007ff9118dc000 	C:\Windows\System32\KERNEL32.DLL
0x00007ff9103c0000 - 0x00007ff9105dd000 	C:\Windows\System32\KERNELBASE.dll
0x00007ff913220000 - 0x00007ff9132c2000 	C:\Windows\System32\ADVAPI32.dll
0x00007ff913ab0000 - 0x00007ff913b4e000 	C:\Windows\System32\msvcrt.dll
0x00007ff913450000 - 0x00007ff9134a9000 	C:\Windows\System32\sechost.dll
0x00007ff913980000 - 0x00007ff913aa1000 	C:\Windows\System32\RPCRT4.dll
0x00007ff9116c0000 - 0x00007ff911825000 	C:\Windows\System32\USER32.dll
0x00007ff9105e0000 - 0x00007ff9105fe000 	C:\Windows\System32\win32u.dll
0x00007ff913710000 - 0x00007ff913744000 	C:\Windows\System32\GDI32.dll
0x00007ff910240000 - 0x00007ff9103c0000 	C:\Windows\System32\gdi32full.dll
0x00007ff9046a0000 - 0x00007ff90491a000 	C:\Windows\WinSxS\amd64_microsoft.windows.common-controls_6595b64144ccf1df_6.0.14393.2248_none_7ddece3683436ba6\COMCTL32.dll
0x00007ff911390000 - 0x00007ff911658000 	C:\Windows\System32\combase.dll
0x00007ff9106a0000 - 0x00007ff910795000 	C:\Windows\System32\ucrtbase.dll
0x00007ff9107a0000 - 0x00007ff91080a000 	C:\Windows\System32\bcryptPrimitives.dll
0x00007ff913d10000 - 0x00007ff913d3e000 	C:\Windows\System32\IMM32.DLL
0x00007ff900850000 - 0x00007ff9008c4000 	C:\Program Files\BLDBaseService\BLDBaseService64.dll
0x00007ff9118e0000 - 0x00007ff912de9000 	C:\Windows\System32\SHELL32.dll
0x00007ff911220000 - 0x00007ff911262000 	C:\Windows\System32\cfgmgr32.dll
0x00007ff9108c0000 - 0x00007ff910f99000 	C:\Windows\System32\windows.storage.dll
0x00007ff9101d0000 - 0x00007ff91021c000 	C:\Windows\System32\powrprof.dll
0x00007ff913760000 - 0x00007ff9137b2000 	C:\Windows\System32\shlwapi.dll
0x00007ff910220000 - 0x00007ff91022f000 	C:\Windows\System32\kernel.appcore.dll
0x00007ff910810000 - 0x00007ff9108b9000 	C:\Windows\System32\shcore.dll
0x00007ff9101b0000 - 0x00007ff9101c4000 	C:\Windows\System32\profapi.dll
0x00007ff913bc0000 - 0x00007ff913cf8000 	C:\Windows\System32\ole32.dll
0x00007ff9112d0000 - 0x00007ff91138f000 	C:\Windows\System32\OLEAUT32.dll
0x00007ff910600000 - 0x00007ff91069c000 	C:\Windows\System32\msvcp_win.dll
0x00007ff913330000 - 0x00007ff91339a000 	C:\Windows\System32\WS2_32.dll
0x00007ff9017a0000 - 0x00007ff901a6a000 	C:\Windows\SYSTEM32\WININET.dll
0x00007ff90f830000 - 0x00007ff90f868000 	C:\Windows\SYSTEM32\IPHLPAPI.DLL
0x00007ff907fd0000 - 0x00007ff908192000 	C:\Windows\SYSTEM32\urlmon.dll
0x00007ff902a70000 - 0x00007ff902a88000 	C:\Windows\SYSTEM32\NETAPI32.dll
0x00007ff907d20000 - 0x00007ff907fc5000 	C:\Windows\SYSTEM32\iertutil.dll
0x0000000073180000 - 0x0000000073252000 	D:\Java\jdk-1.8\jre\bin\msvcr100.dll
0x00000000728d0000 - 0x0000000073176000 	D:\Java\jdk-1.8\jre\bin\server\jvm.dll
0x00007ff913d00000 - 0x00007ff913d08000 	C:\Windows\System32\PSAPI.DLL
0x00007ff8da910000 - 0x00007ff8da919000 	C:\Windows\SYSTEM32\WSOCK32.dll
0x00007ff90e170000 - 0x00007ff90e193000 	C:\Windows\SYSTEM32\WINMM.dll
0x00007ff90c4a0000 - 0x00007ff90c4aa000 	C:\Windows\SYSTEM32\VERSION.dll
0x00007ff90e140000 - 0x00007ff90e16b000 	C:\Windows\SYSTEM32\WINMMBASE.dll
0x00007ff909bf0000 - 0x00007ff909bff000 	D:\Java\jdk-1.8\jre\bin\verify.dll
0x00007ff909bc0000 - 0x00007ff909be9000 	D:\Java\jdk-1.8\jre\bin\java.dll
0x00007ff903710000 - 0x00007ff903745000 	D:\Java\jdk-1.8\jre\bin\jdwp.dll
0x00007ff903700000 - 0x00007ff903708000 	D:\Java\jdk-1.8\jre\bin\npt.dll
0x00007ff909920000 - 0x00007ff909943000 	D:\Java\jdk-1.8\jre\bin\instrument.dll
0x00007ff909a50000 - 0x00007ff909a66000 	D:\Java\jdk-1.8\jre\bin\zip.dll
0x00007ff9036f0000 - 0x00007ff9036f9000 	D:\Java\jdk-1.8\jre\bin\dt_socket.dll
0x00007ff90fab0000 - 0x00007ff90fb0c000 	C:\Windows\system32\mswsock.dll
0x00007ff909a30000 - 0x00007ff909a4a000 	D:\Java\jdk-1.8\jre\bin\net.dll
0x00007ff90f870000 - 0x00007ff90f911000 	C:\Windows\SYSTEM32\DNSAPI.dll
0x00007ff913440000 - 0x00007ff913448000 	C:\Windows\System32\NSI.dll
0x00007ff90a960000 - 0x00007ff90a96a000 	C:\Windows\System32\rasadhlp.dll
0x00007ff90c060000 - 0x00007ff90c0ca000 	C:\Windows\System32\fwpuclnt.dll
0x00007ff90fd60000 - 0x00007ff90fd8b000 	C:\Windows\SYSTEM32\bcrypt.dll
0x00007ff909b50000 - 0x00007ff909b5d000 	D:\Java\jdk-1.8\jre\bin\management.dll
0x00007ff909a10000 - 0x00007ff909a22000 	D:\Java\jdk-1.8\jre\bin\nio.dll
0x00007ff90fc50000 - 0x00007ff90fc67000 	C:\Windows\SYSTEM32\CRYPTSP.dll
0x00007ff90f6b0000 - 0x00007ff90f6e3000 	C:\Windows\system32\rsaenh.dll
0x00007ff90f930000 - 0x00007ff90f94f000 	C:\Windows\SYSTEM32\USERENV.dll
0x00007ff90fc70000 - 0x00007ff90fc7b000 	C:\Windows\SYSTEM32\CRYPTBASE.dll
0x00007ff90c770000 - 0x00007ff90c786000 	C:\Windows\SYSTEM32\dhcpcsvc6.DLL
0x00007ff90c750000 - 0x00007ff90c76a000 	C:\Windows\SYSTEM32\dhcpcsvc.DLL
0x00007ff905340000 - 0x00007ff905356000 	C:\Windows\system32\napinsp.dll
0x00007ff905360000 - 0x00007ff90537a000 	C:\Windows\system32\pnrpnsp.dll
0x00007ff90df10000 - 0x00007ff90df28000 	C:\Windows\system32\NLAapi.dll
0x00007ff905380000 - 0x00007ff90538e000 	C:\Windows\System32\winrnr.dll
0x00007ff907aa0000 - 0x00007ff907ac4000 	D:\Java\jdk-1.8\jre\bin\sunec.dll
0x00007ff9070b0000 - 0x00007ff907242000 	C:\Windows\SYSTEM32\dbghelp.dll

VM Arguments:
jvm_args: -agentlib:jdwp=transport=dt_socket,address=127.0.0.1:53946,suspend=y,server=n -XX:TieredStopAtLevel=1 -Xverify:none -Dspring.output.ansi.enabled=always -Dcom.sun.management.jmxremote -Dspring.jmx.enabled=true -Dspring.liveBeansView.mbeanDomain -Dspring.application.admin.enabled=true -javaagent:C:\Users\知码002\.IntelliJIdea2019.2\system\captureAgent\debugger-agent.jar -Dfile.encoding=UTF-8 
java_command: com.roncoo.education.CourseServiceApplication
java_class_path (initial): D:\Java\jdk-1.8\jre\lib\charsets.jar;D:\Java\jdk-1.8\jre\lib\deploy.jar;D:\Java\jdk-1.8\jre\lib\ext\access-bridge-64.jar;D:\Java\jdk-1.8\jre\lib\ext\cldrdata.jar;D:\Java\jdk-1.8\jre\lib\ext\dnsns.jar;D:\Java\jdk-1.8\jre\lib\ext\jaccess.jar;D:\Java\jdk-1.8\jre\lib\ext\jfxrt.jar;D:\Java\jdk-1.8\jre\lib\ext\localedata.jar;D:\Java\jdk-1.8\jre\lib\ext\nashorn.jar;D:\Java\jdk-1.8\jre\lib\ext\sunec.jar;D:\Java\jdk-1.8\jre\lib\ext\sunjce_provider.jar;D:\Java\jdk-1.8\jre\lib\ext\sunmscapi.jar;D:\Java\jdk-1.8\jre\lib\ext\sunpkcs11.jar;D:\Java\jdk-1.8\jre\lib\ext\zipfs.jar;D:\Java\jdk-1.8\jre\lib\javaws.jar;D:\Java\jdk-1.8\jre\lib\jce.jar;D:\Java\jdk-1.8\jre\lib\jfr.jar;D:\Java\jdk-1.8\jre\lib\jfxswt.jar;D:\Java\jdk-1.8\jre\lib\jsse.jar;D:\Java\jdk-1.8\jre\lib\management-agent.jar;D:\Java\jdk-1.8\jre\lib\plugin.jar;D:\Java\jdk-1.8\jre\lib\resources.jar;D:\Java\jdk-1.8\jre\lib\rt.jar;D:\工作\qianming\roncoo-education\roncoo-education-course\roncoo-education-course-service\target\classes;D:\工作\qianming\roncoo-education\roncoo-education-user\roncoo-education-user-feign\target\classes;D:\工作\qianming\roncoo-education\roncoo-education-user\roncoo-education-user-common\target\classes;D:\apache-maven-3.6.1\repo\org\springframework\cloud\spring-cloud-starter-openfeign\2.0.2.RELEASE\spring-cloud-starter-openfeign-2.0.2.RELEASE.jar;D:\apache-maven-3.6.1\repo\org\springframework\cloud\spring-cloud-openfeign-core\2.0.2.RELEASE\spring-cloud-openfeign-core-2.0.2.RELEASE.jar;D:\apache-maven-3.6.1\repo\io\github\openfeign\form\feign-form-spring\3.3.0\feign-form-spring-3.3.0.jar;D:\apache-maven-3.6.1\repo\io\github\openfeign\form\feign-form\3.3.0\feign-form-3.3.0.jar;D:\apache-maven-3.6.1\repo\com\google\code\findbugs\annotations\3.0.1\annotations-3.0.1.jar;D:\apache-maven-3.6.1\repo\net\jcip\jcip-annotations\1.0\jcip-annotations-1.0.jar;D:\apache-maven-3.6.1\repo\com\google\code\findbugs\jsr305\3.0.2\jsr305-3.0.2.jar;D:\apache-maven-3.6.1\repo\commons-fileuploa
Launcher Type: SUN_STANDARD

Environment Variables:
JAVA_HOME=D:\Java\jdk-1.8
PATH=C:\Program Files (x86)\Common Files\Oracle\Java\javapath;C:\Windows\system32;C:\Windows;C:\Windows\System32\Wbem;C:\Windows\System32\WindowsPowerShell\v1.0\;D:\Java\jdk-1.8\bin;D:\apache-maven-3.6.1\bin;D:\nodejs\;C:\Users\知码002\AppData\Local\Microsoft\WindowsApps;D:\nodejs\node_global\
USERNAME=知码002
OS=Windows_NT
PROCESSOR_IDENTIFIER=AMD64 Family 23 Model 8 Stepping 2, AuthenticAMD



---------------  S Y S T E M  ---------------

OS: Windows 10.0 , 64 bit Build 14393 (10.0.14393.2214)

CPU:total 12 (initial active 12) (12 cores per cpu, 1 threads per core) family 23 model 8 stepping 2, cmov, cx8, fxsr, mmx, sse, sse2, sse3, ssse3, sse4.1, sse4.2, popcnt, avx, avx2, aes, clmul, mmxext, 3dnowpref, lzcnt, sse4a, tsc, tscinvbit, tscinv, bmi1

Memory: 4k page, physical 16712476k(7014584k free), swap 24642424k(3451732k free)

vm_info: Java HotSpot(TM) 64-Bit Server VM (25.231-b11) for windows-amd64 JRE (1.8.0_231-b11), built on Oct  5 2019 03:11:30 by "java_re" with MS VC++ 10.0 (VS2010)

time: Wed Oct 23 09:51:32 2019
timezone: 中国标准时间
elapsed time: 60412 seconds (0d 16h 46m 52s)

